[debug] [2025-11-14T12:38:05.868Z] ----------------------------------------------------------------------
[debug] [2025-11-14T12:38:05.870Z] Command:       C:\Program Files\nodejs\node.exe C:\Users\Dimitris Topalis\AppData\Roaming\npm\node_modules\firebase-tools\lib\bin\firebase.js init hosting
[debug] [2025-11-14T12:38:05.871Z] CLI Version:   14.25.0
[debug] [2025-11-14T12:38:05.871Z] Platform:      win32
[debug] [2025-11-14T12:38:05.871Z] Node Version:  v24.11.0
[debug] [2025-11-14T12:38:05.871Z] Time:          Fri Nov 14 2025 14:38:05 GMT+0200 (Eastern European Standard Time)
[debug] [2025-11-14T12:38:05.871Z] ----------------------------------------------------------------------
[debug] 
[debug] [2025-11-14T12:38:05.873Z] >>> [apiv2][query] GET https://firebase-public.firebaseio.com/cli.json [none]
[info] 
     ######## #### ########  ######## ########     ###     ######  ########
     ##        ##  ##     ## ##       ##     ##  ##   ##  ##       ##
     ######    ##  ########  ######   ########  #########  ######  ######
     ##        ##  ##    ##  ##       ##     ## ##     ##       ## ##
     ##       #### ##     ## ######## ########  ##     ##  ######  ########

You're about to initialize a Firebase project in this directory:

  C:\Projects\T-Force_Unified_Dashboard

Before we get started, keep in mind:

  * You are currently outside your home directory

[debug] [2025-11-14T12:38:06.249Z] <<< [apiv2][status] GET https://firebase-public.firebaseio.com/cli.json 200
[debug] [2025-11-14T12:38:06.249Z] <<< [apiv2][body] GET https://firebase-public.firebaseio.com/cli.json {"cloudBuildErrorAfter":1594252800000,"cloudBuildWarnAfter":1590019200000,"defaultNode10After":1594252800000,"minVersion":"3.0.5","node8DeploysDisabledAfter":1613390400000,"node8RuntimeDisabledAfter":1615809600000,"node8WarnAfter":1600128000000}
[debug] [2025-11-14T12:39:39.653Z] ExitPromptError: User force closed the prompt with SIGINT
    at Interface.sigint (C:\Users\Dimitris Topalis\AppData\Roaming\npm\node_modules\firebase-tools\node_modules\@inquirer\core\dist\commonjs\lib\create-prompt.js:101:37)
    at Interface.emit (node:events:508:28)
    at Interface.emit (node:domain:489:12)
    at [_ttyWrite] [as _ttyWrite] (node:internal/readline/interface:1317:18)
    at ReadStream.onkeypress (node:internal/readline/interface:284:20)
    at ReadStream.emit (node:events:520:35)
    at ReadStream.emit (node:domain:489:12)
    at emitKeys (node:internal/readline/utils:371:14)
    at emitKeys.next (<anonymous>)
    at ReadStream.onData (node:internal/readline/emitKeypressEvents:64:36)
[error] 
[error] Error: An unexpected error has occurred.
